-------------------------------------------------------------------------------
Test set: com.gerarecibos.recibos.service.ParcelaServiceTest
-------------------------------------------------------------------------------
Tests run: 1, Failures: 1, Errors: 0, Skipped: 0, Time elapsed: 0.915 s <<< FAILURE! -- in com.gerarecibos.recibos.service.ParcelaServiceTest
com.gerarecibos.recibos.service.ParcelaServiceTest.testCriarParcelas -- Time elapsed: 0.900 s <<< FAILURE!
Wanted but not invoked:
parcelaRepository.save(
    <any com.gerarecibos.recibos.model.Parcela>
);
-> at com.gerarecibos.recibos.service.ParcelaServiceTest.testCriarParcelas(ParcelaServiceTest.java:81)

However, there was exactly 1 interaction with this mock:
parcelaRepository.saveAll(
    [Parcela(parcelaId=null, cliente=Cliente(clienteId=1, clienteNome=null, clienteCpf=null, clienteEndereco=null, clienteTelefone=null), produto=Produto(produtoId=1, produtoNome=null, produtoValorTotal=null, produtoDescricao=null), numeroParcelas=5, valorParcela=200.0, paga=false, valorPago=null, descontoAplicado=0.0, emitente=Emitente(emitenteId=1, emitenteNome=null, emitenteCpf=null, emitenteEndereco=null, emitenteTelefone=null), novasParcelas=[], numeroParcela=1, intervalo=SEMANAL, dataCriacao=2024-09-04, dataVencimento=2024-09-04, dataPagamento=null), Parcela(parcelaId=null, cliente=Cliente(clienteId=1, clienteNome=null, clienteCpf=null, clienteEndereco=null, clienteTelefone=null), produto=Produto(produtoId=1, produtoNome=null, produtoValorTotal=null, produtoDescricao=null), numeroParcelas=5, valorParcela=200.0, paga=false, valorPago=null, descontoAplicado=0.0, emitente=Emitente(emitenteId=1, emitenteNome=null, emitenteCpf=null, emitenteEndereco=null, emitenteTelefone=null), novasParcelas=[], numeroParcela=2, intervalo=SEMANAL, dataCriacao=2024-09-04, dataVencimento=2024-09-11, dataPagamento=null), Parcela(parcelaId=null, cliente=Cliente(clienteId=1, clienteNome=null, clienteCpf=null, clienteEndereco=null, clienteTelefone=null), produto=Produto(produtoId=1, produtoNome=null, produtoValorTotal=null, produtoDescricao=null), numeroParcelas=5, valorParcela=200.0, paga=false, valorPago=null, descontoAplicado=0.0, emitente=Emitente(emitenteId=1, emitenteNome=null, emitenteCpf=null, emitenteEndereco=null, emitenteTelefone=null), novasParcelas=[], numeroParcela=3, intervalo=SEMANAL, dataCriacao=2024-09-04, dataVencimento=2024-09-18, dataPagamento=null), Parcela(parcelaId=null, cliente=Cliente(clienteId=1, clienteNome=null, clienteCpf=null, clienteEndereco=null, clienteTelefone=null), produto=Produto(produtoId=1, produtoNome=null, produtoValorTotal=null, produtoDescricao=null), numeroParcelas=5, valorParcela=200.0, paga=false, valorPago=null, descontoAplicado=0.0, emitente=Emitente(emitenteId=1, emitenteNome=null, emitenteCpf=null, emitenteEndereco=null, emitenteTelefone=null), novasParcelas=[], numeroParcela=4, intervalo=SEMANAL, dataCriacao=2024-09-04, dataVencimento=2024-09-25, dataPagamento=null), Parcela(parcelaId=null, cliente=Cliente(clienteId=1, clienteNome=null, clienteCpf=null, clienteEndereco=null, clienteTelefone=null), produto=Produto(produtoId=1, produtoNome=null, produtoValorTotal=null, produtoDescricao=null), numeroParcelas=5, valorParcela=200.0, paga=false, valorPago=null, descontoAplicado=0.0, emitente=Emitente(emitenteId=1, emitenteNome=null, emitenteCpf=null, emitenteEndereco=null, emitenteTelefone=null), novasParcelas=[], numeroParcela=5, intervalo=SEMANAL, dataCriacao=2024-09-04, dataVencimento=2024-10-02, dataPagamento=null)]
);
-> at com.gerarecibos.recibos.service.ParcelaService.criarParcelas(ParcelaService.java:70)


	at com.gerarecibos.recibos.service.ParcelaServiceTest.testCriarParcelas(ParcelaServiceTest.java:81)
	at java.base/java.lang.reflect.Method.invoke(Method.java:568)
	at java.base/java.util.ArrayList.forEach(ArrayList.java:1511)
	at java.base/java.util.ArrayList.forEach(ArrayList.java:1511)

